[0mGET / [32m200[0m 341.302 ms - 13817[0m
[0mGET / [31m500[0m 2314.279 ms - 2082[0m
[0mGET / [32m200[0m 261.481 ms - 9799[0m
[0mGET /favicon.ico [33m404[0m 4.694 ms - 150[0m
[0mGET /users/sign-in [32m200[0m 9.288 ms - 3221[0m
[0mGET /users/js/toggle_likes.js [33m404[0m 12.490 ms - 163[0m
[0mPOST /users/create-session [36m302[0m 199.833 ms - 46[0m
[0mGET / [32m200[0m 61.129 ms - 14254[0m
[0mGET / [31m500[0m 147.507 ms - 2082[0m
[0mGET / [31m500[0m 2608.283 ms - 2082[0m
[0mGET / [32m200[0m 56.654 ms - 9803[0m
[0mGET /users/sign-in [32m200[0m 13.240 ms - 3225[0m
[0mGET /users/js/toggle_likes.js [33m404[0m 7.082 ms - 163[0m
[0mPOST /users/create-session [36m302[0m 36.741 ms - 46[0m
[0mGET / [32m200[0m 41.602 ms - 14258[0m
[0mGET / [32m200[0m 33.186 ms - 13823[0m
[0mGET / [36m304[0m 59.577 ms - -[0m
[0mGET / [31m500[0m 1070.590 ms - 1862[0m
[0mGET / [31m500[0m 361.336 ms - 1862[0m
[0mGET / [31m500[0m 94.220 ms - 1911[0m
[0mGET / [31m500[0m 36.776 ms - 1911[0m
[0mGET / [31m500[0m 79.466 ms - 1919[0m
[0mGET / [31m500[0m 39.004 ms - 1919[0m
[0mGET / [31m500[0m 30.380 ms - 1919[0m
[0mGET / [32m200[0m 115.629 ms - 9827[0m
[0mGET / [32m200[0m 512.541 ms - 4938[0m
[0mGET /users/js/toggle_likes.js [33m404[0m 31.577 ms - 163[0m
[0mGET /users/sign-in [32m200[0m 440.460 ms - 3249[0m
[0mGET /users/sign-up [32m200[0m 11.418 ms - 3419[0m
[0mGET /users/js/toggle_likes.js [33m404[0m 13.217 ms - 163[0m
[0mPOST /users/create [36m302[0m 455.609 ms - 72[0m
[0mGET /users/sign-in [36m304[0m 9.537 ms - -[0m
[0mGET /users/js/toggle_likes.js [33m404[0m 5.193 ms - 163[0m
[0mPOST /users/create-session [36m302[0m 205.602 ms - 46[0m
[0mGET / [32m200[0m 360.666 ms - 6729[0m
[0mGET / [32m200[0m 3924.992 ms - 5110[0m
