[0mGET / [32m200[0m 2003.456 ms - 5110[0m
[0mGET / [31m500[0m 10255.853 ms - 21[0m
[0mGET /favicon.ico [33m404[0m 642.165 ms - 150[0m
[0mGET / [32m200[0m 824.962 ms - 5110[0m
[0mGET /users/sign-in [32m200[0m 13.983 ms - 3249[0m
[0mGET /users/js/toggle_likes.js [33m404[0m 12.606 ms - 163[0m
[0mPOST /users/create-session [36m302[0m 190.579 ms - 46[0m
[0mGET / [32m200[0m 765.052 ms - 6729[0m
[0mGET / [32m200[0m 540.145 ms - 6294[0m
[0mPOST /posts/create [32m200[0m 312.087 ms - 275[0m
[0mPOST /comments/create [36m302[0m 1917.805 ms - 46[0m
[0mGET / [32m200[0m 318.649 ms - 9472[0m
[0mGET / [32m200[0m 544.789 ms - 6744[0m
[0mGET /favicon.ico [33m404[0m 614.611 ms - 150[0m
[0mGET /users/sign-in [32m200[0m 11.155 ms - 3249[0m
[0mGET /users/js/toggle_likes.js [33m404[0m 7.140 ms - 163[0m
[0mGET /users/profile/651ade37205ac49da43cec6d [36m302[0m 28.581 ms - 72[0m
[0mGET /users/sign-in [36m304[0m 14.124 ms - -[0m
[0mGET /users/js/toggle_likes.js [33m404[0m 7.281 ms - 163[0m
[0mPOST /users/create-session [36m302[0m 198.552 ms - 46[0m
[0mGET / [32m200[0m 280.518 ms - 9480[0m
[0mGET / [32m200[0m 444.120 ms - 9045[0m
